2025-12-03 22:28:23,724 - INFO - Запуск главного меню
2025-12-03 22:28:28,712 - INFO - Выбрано задание 1
2025-12-03 22:28:51,070 - WARNING - Неверный выбор: 'аааааааа п'
2025-12-03 22:28:57,394 - INFO - Выбрано задание 2
2025-12-03 22:29:07,550 - INFO - Выбрано задание 4
2025-12-03 22:29:29,658 - INFO - Выход из программы
2025-12-03 23:30:02,714 - INFO - Запуск главного меню
2025-12-03 23:30:07,421 - WARNING - Неверный выбор: '7'
2025-12-03 23:30:14,206 - INFO - Выход из программы
2025-12-03 23:30:17,681 - INFO - Запуск главного меню
2025-12-03 23:30:19,285 - INFO - Выбрано задание 4
2025-12-03 23:30:30,915 - WARNING - Логическая ошибка в задании 4: Неверная операция. Доступно: add, sub
2025-12-03 23:30:40,976 - INFO - Выбрано задание 2
2025-12-03 23:30:42,293 - WARNING - Ошибка в задании 2: Текст пуст. Нечего обрабатывать.
2025-12-03 23:30:43,568 - WARNING - Неверный выбор: ''
2025-12-03 23:30:43,913 - WARNING - Неверный выбор: ''
2025-12-03 23:30:44,800 - INFO - Программа прервана пользователем
2025-12-04 16:29:54,634 - INFO - Запуск главного меню
2025-12-04 16:29:57,125 - INFO - Выбрано задание 4
2025-12-04 16:30:11,553 - ERROR - Ошибка ввода числа: Все цифры должны быть от 0 до 9
Traceback (most recent call last):
  File "c:\Users\severalkk\Desktop\project\tasks\task4_big_numbers.py", line 54, in run_task4
    result = process_big_numbers(a, b, op)
  File "c:\Users\severalkk\Desktop\project\tasks\task4_big_numbers.py", line 22, in process_big_numbers
    num_a = digits_to_int(a)
  File "c:\Users\severalkk\Desktop\project\tasks\task4_big_numbers.py", line 13, in digits_to_int
    validate_digits(digits)
    ~~~~~~~~~~~~~~~^^^^^^^^
  File "c:\Users\severalkk\Desktop\project\tasks\task4_big_numbers.py", line 10, in validate_digits
    raise InvalidNumberError(TASK4["error_invalid_digit"])
exceptions.InvalidNumberError: Все цифры должны быть от 0 до 9
2025-12-04 16:37:06,356 - INFO - Выход из программы
2025-12-04 16:38:53,330 - INFO - Запуск главного меню
2025-12-04 16:39:01,627 - WARNING - Неверный выбор: 'р'
2025-12-04 16:39:05,566 - WARNING - Неверный выбор: '9'
2025-12-04 16:39:09,569 - INFO - Выбрано задание 1
2025-12-04 16:39:20,115 - INFO - Уникальные слова не найдены
2025-12-04 16:39:23,868 - INFO - Выбрано задание 1
2025-12-04 16:39:27,714 - INFO - Найдено 3 уникальных слов: ['как', 'так', 'то']
2025-12-04 16:39:33,768 - INFO - Выбрано задание 2
2025-12-04 16:39:34,830 - WARNING - Ошибка в задании 2: Текст пуст. Нечего обрабатывать.
2025-12-04 16:40:35,611 - INFO - Выход из программы
