15:37:29 Клиент1: подключился
15:37:30 Клиент1: отправлен запрос на поиск уникальных слов
15:37:30 Клиент1: найдены уникальные слова
15:37:30 Клиент1: отключился
15:37:48 Клиент2: подключился
15:37:49 Клиент2: отправлен запрос на поиск самого длинного слова
15:37:49 Клиент2: найдено самое длинное слово
15:37:49 Клиент2: отключился
11:57:17 Клиент1: подключился
11:57:18 Клиент1: отправлен запрос на поиск уникальных слов
11:57:18 Клиент1: найдены уникальные слова
11:57:18 Клиент1: отключился
11:57:28 Клиент2: подключился
11:57:29 Клиент2: отправлен запрос на поиск самого длинного слова
11:57:29 Клиент2: найдено самое длинное слово
11:57:29 Клиент2: отключился
11:57:40 Клиент3: подключился
11:57:42 Клиент3: отправлен запрос на поиск самого длинного слова
11:57:42 Клиент3: найдено самое длинное слово
11:57:42 Клиент3: отключился
11:58:02 Клиент4: подключился
11:58:04 Клиент4: отправлен запрос на поиск самого длинного слова
11:58:04 Клиент4: найдено самое длинное слово
11:58:04 Клиент4: отключился
11:58:16 Клиент5: подключился
11:58:17 Клиент5: отправлен запрос на операцию с большими числами
11:58:17 Клиент5: ошибка приложения: Все цифры должны быть от 0 до 9
11:58:17 Клиент5: отключился
11:58:31 Клиент6: подключился
11:58:32 Клиент6: отправлен запрос на операцию с большими числами
11:58:32 Клиент6: выполнена операция с большими числами
11:58:32 Клиент6: отключился
11:58:53 Клиент7: подключился
11:58:54 Клиент7: отправлен запрос на операцию с большими числами
11:58:54 Клиент7: выполнена операция с большими числами
11:58:54 Клиент7: отключился
15:08:43 Клиент1: подключился
15:08:44 Клиент1: отправлен запрос на поиск уникальных слов
15:08:44 Клиент1: найдены уникальные слова
15:08:44 Клиент1: отключился
18:57:24 Клиент1: подключился
18:57:25 Клиент1: отправлен запрос на поиск уникальных слов
18:57:25 Клиент1: найдены уникальные слова
18:57:25 Клиент1: отключился
18:57:29 Клиент2: подключился
18:57:30 Клиент2: отправлен запрос на поиск самого длинного слова
18:57:30 Клиент2: найдено самое длинное слово
18:57:30 Клиент2: отключился
18:57:40 Клиент3: подключился
18:57:41 Клиент3: отправлен запрос на операцию с большими числами
18:57:41 Клиент3: выполнена операция с большими числами
18:57:41 Клиент3: отключился
20:24:21 Клиент1: подключился
20:24:22 Клиент1: отправлен запрос на поиск уникальных слов
20:24:22 Клиент1: найдены уникальные слова
20:24:22 Клиент1: отключился
20:24:27 Клиент2: подключился
20:24:29 Клиент2: отправлен запрос на поиск самого длинного слова
20:24:29 Клиент2: найдено самое длинное слово
20:24:29 Клиент2: отключился
20:24:37 Клиент3: подключился
20:24:38 Клиент3: отправлен запрос на операцию с большими числами
20:24:38 Клиент3: выполнена операция с большими числами
20:24:38 Клиент3: отключился
11:40:01 Клиент1: подключился
11:40:01 Клиент1: отправлен запрос на поиск уникальных слов
11:40:18 Клиент1: найдены уникальные слова
11:40:18 Клиент1: отключился
11:40:22 Клиент2: подключился
11:40:22 Клиент2: отправлен запрос на поиск самого длинного слова
11:40:41 Клиент2: найдено самое длинное слово
11:40:41 Клиент2: отключился
11:41:23 Клиент3: подключился
11:41:23 Клиент3: отправлен запрос на операцию с большими числами
11:41:34 Клиент3: выполнена операция с большими числами
11:41:34 Клиент3: отключился
11:41:39 Клиент4: подключился
11:41:39 Клиент4: отправлен запрос на поиск самого длинного слова
11:41:59 Клиент4: найдено самое длинное слово
11:41:59 Клиент4: отключился
11:43:29 Клиент1: подключился
11:43:29 Клиент1: отправлен запрос на поиск уникальных слов
11:43:45 Клиент1: найдены уникальные слова
11:43:45 Клиент1: отключился
11:43:48 Клиент2: подключился
11:43:48 Клиент2: отправлен запрос на поиск уникальных слов
11:44:07 Клиент2: найдены уникальные слова
11:44:07 Клиент2: отключился
11:47:17 Клиент1: подключился
11:47:17 Клиент1: отправлен запрос на поиск уникальных слов
11:47:31 Клиент2: подключился
11:47:31 Клиент2: отправлен запрос на поиск уникальных слов
11:47:33 Клиент1: найдены уникальные слова
11:47:33 Клиент1: отключился
11:47:45 Клиент2: найдены уникальные слова
11:47:45 Клиент2: отключился
